0 info it worked if it ends with ok
1 verbose cli [ '/usr/bin/node', '/usr/bin/npm', 'install', '-g', 'bower' ]
2 info using npm@1.4.28
3 info using node@v0.10.37
4 verbose node symlink /usr/bin/node
5 verbose cache add [ 'bower', null ]
6 verbose cache add name=undefined spec="bower" args=["bower",null]
7 verbose parsed url { protocol: null,
7 verbose parsed url   slashes: null,
7 verbose parsed url   auth: null,
7 verbose parsed url   host: null,
7 verbose parsed url   port: null,
7 verbose parsed url   hostname: null,
7 verbose parsed url   hash: null,
7 verbose parsed url   search: null,
7 verbose parsed url   query: null,
7 verbose parsed url   pathname: 'bower',
7 verbose parsed url   path: 'bower',
7 verbose parsed url   href: 'bower' }
8 silly lockFile 206e3ce5-bower bower
9 verbose lock bower /home/zhounan/.npm/206e3ce5-bower.lock
10 silly lockFile 206e3ce5-bower bower
11 silly lockFile 206e3ce5-bower bower
12 verbose addNamed [ 'bower', '' ]
13 verbose addNamed [ null, '*' ]
14 silly lockFile 1240aab1-bower bower@
15 verbose lock bower@ /home/zhounan/.npm/1240aab1-bower.lock
16 silly addNameRange { name: 'bower', range: '*', hasData: false }
17 verbose request where is /bower
18 verbose request registry https://registry.npmjs.org/
19 verbose request id 2d194c6083bcf86c
20 verbose url raw /bower
21 verbose url resolving [ 'https://registry.npmjs.org/', './bower' ]
22 verbose url resolved https://registry.npmjs.org/bower
23 verbose request where is https://registry.npmjs.org/bower
24 info trying registry request attempt 1 at 16:07:04
25 http GET https://registry.npmjs.org/bower
26 http 200 https://registry.npmjs.org/bower
27 silly registry.get cb [ 200,
27 silly registry.get   { server: 'nginx/1.10.1',
27 silly registry.get     'content-type': 'application/json',
27 silly registry.get     'last-modified': 'Mon, 27 Feb 2017 10:05:23 GMT',
27 silly registry.get     etag: 'W/"58b3f9e3-2ae5f"',
27 silly registry.get     'content-encoding': 'gzip',
27 silly registry.get     'cache-control': 'max-age=300',
27 silly registry.get     'content-length': '16549',
27 silly registry.get     'accept-ranges': 'bytes',
27 silly registry.get     date: 'Tue, 28 Feb 2017 08:07:03 GMT',
27 silly registry.get     via: '1.1 varnish',
27 silly registry.get     age: '24',
27 silly registry.get     connection: 'keep-alive',
27 silly registry.get     'x-served-by': 'cache-nrt6132-NRT',
27 silly registry.get     'x-cache': 'HIT',
27 silly registry.get     'x-cache-hits': '1',
27 silly registry.get     'x-timer': 'S1488269223.437552,VS0,VE0',
27 silly registry.get     vary: 'Accept-Encoding' } ]
28 silly addNameRange number 2 { name: 'bower', range: '*', hasData: true }
29 silly addNameRange versions [ 'bower',
29 silly addNameRange   [ '0.1.0',
29 silly addNameRange     '0.1.2',
29 silly addNameRange     '0.1.3',
29 silly addNameRange     '0.2.0',
29 silly addNameRange     '0.3.0',
29 silly addNameRange     '0.3.1',
29 silly addNameRange     '0.3.2',
29 silly addNameRange     '0.4.0',
29 silly addNameRange     '0.5.0',
29 silly addNameRange     '0.5.1',
29 silly addNameRange     '0.6.0',
29 silly addNameRange     '0.6.1',
29 silly addNameRange     '0.6.2',
29 silly addNameRange     '0.6.3',
29 silly addNameRange     '0.6.4',
29 silly addNameRange     '0.6.5',
29 silly addNameRange     '0.6.6',
29 silly addNameRange     '0.6.7',
29 silly addNameRange     '0.6.8',
29 silly addNameRange     '0.7.0',
29 silly addNameRange     '0.7.1',
29 silly addNameRange     '0.8.0',
29 silly addNameRange     '0.8.1',
29 silly addNameRange     '0.8.2',
29 silly addNameRange     '0.8.3',
29 silly addNameRange     '0.8.4',
29 silly addNameRange     '0.8.5',
29 silly addNameRange     '0.8.6',
29 silly addNameRange     '0.9.0',
29 silly addNameRange     '0.9.1',
29 silly addNameRange     '0.9.2',
29 silly addNameRange     '0.10.0',
29 silly addNameRange     '1.0.0',
29 silly addNameRange     '1.0.1',
29 silly addNameRange     '1.0.2',
29 silly addNameRange     '1.0.3',
29 silly addNameRange     '1.1.0',
29 silly addNameRange     '1.1.1',
29 silly addNameRange     '1.1.2',
29 silly addNameRange     '1.2.0',
29 silly addNameRange     '1.2.1',
29 silly addNameRange     '1.2.2',
29 silly addNameRange     '1.2.3',
29 silly addNameRange     '1.2.4',
29 silly addNameRange     '1.2.5',
29 silly addNameRange     '1.2.6',
29 silly addNameRange     '1.2.7',
29 silly addNameRange     '1.2.8',
29 silly addNameRange     '1.3.0',
29 silly addNameRange     '1.3.1',
29 silly addNameRange     '1.3.2',
29 silly addNameRange     '1.3.3',
29 silly addNameRange     '1.3.4',
29 silly addNameRange     '1.3.5',
29 silly addNameRange     '1.3.6',
29 silly addNameRange     '1.3.7',
29 silly addNameRange     '1.3.8',
29 silly addNameRange     '1.3.9',
29 silly addNameRange     '1.3.10',
29 silly addNameRange     '1.3.11',
29 silly addNameRange     '1.3.12',
29 silly addNameRange     '1.4.0',
29 silly addNameRange     '1.4.1',
29 silly addNameRange     '1.5.0',
29 silly addNameRange     '1.5.1',
29 silly addNameRange     '1.5.2',
29 silly addNameRange     '1.5.3',
29 silly addNameRange     '1.6.2',
29 silly addNameRange     '1.6.3',
29 silly addNameRange     '1.6.4',
29 silly addNameRange     '1.6.5',
29 silly addNameRange     '1.5.4',
29 silly addNameRange     '1.4.2',
29 silly addNameRange     '1.6.6',
29 silly addNameRange     '1.6.7',
29 silly addNameRange     '1.6.8',
29 silly addNameRange     '1.6.9',
29 silly addNameRange     '1.7.0',
29 silly addNameRange     '1.7.1',
29 silly addNameRange     '1.7.2',
29 silly addNameRange     '1.7.5',
29 silly addNameRange     '1.7.6',
29 silly addNameRange     '1.7.7',
29 silly addNameRange     '1.7.8',
29 silly addNameRange     '1.7.9',
29 silly addNameRange     '1.8.0' ] ]
30 verbose addNamed [ 'bower', '1.8.0' ]
31 verbose addNamed [ '1.8.0', '1.8.0' ]
32 silly lockFile 8d20daf9-bower-1-8-0 bower@1.8.0
33 verbose lock bower@1.8.0 /home/zhounan/.npm/8d20daf9-bower-1-8-0.lock
34 silly lockFile abe5beab--npmjs-org-bower-bower-1-8-0-tgz https://registry.npmjs.org/bower/-/bower-1.8.0.tgz
35 verbose lock https://registry.npmjs.org/bower/-/bower-1.8.0.tgz /home/zhounan/.npm/abe5beab--npmjs-org-bower-bower-1-8-0-tgz.lock
36 verbose addRemoteTarball [ 'https://registry.npmjs.org/bower/-/bower-1.8.0.tgz',
36 verbose addRemoteTarball   '55dbebef0ad9155382d9e9d3e497c1372345b44a' ]
37 info retry fetch attempt 1 at 16:07:06
38 verbose fetch to= /tmp/npm-21224-83n5vY1u/registry.npmjs.org/bower/-/bower-1.8.0.tgz
39 http GET https://registry.npmjs.org/bower/-/bower-1.8.0.tgz
40 http 200 https://registry.npmjs.org/bower/-/bower-1.8.0.tgz
41 silly lockFile abe5beab--npmjs-org-bower-bower-1-8-0-tgz https://registry.npmjs.org/bower/-/bower-1.8.0.tgz
42 silly lockFile abe5beab--npmjs-org-bower-bower-1-8-0-tgz https://registry.npmjs.org/bower/-/bower-1.8.0.tgz
43 silly lockFile 8d20daf9-bower-1-8-0 bower@1.8.0
44 silly lockFile 8d20daf9-bower-1-8-0 bower@1.8.0
45 silly lockFile 1240aab1-bower bower@
46 silly lockFile 1240aab1-bower bower@
47 silly resolved [ { name: 'bower',
47 silly resolved     version: '1.8.0',
47 silly resolved     description: 'The browser package manager',
47 silly resolved     author: { name: 'Twitter' },
47 silly resolved     license: 'MIT',
47 silly resolved     repository: { type: 'git', url: 'git+https://github.com/bower/bower.git' },
47 silly resolved     main: 'lib',
47 silly resolved     bin: { bower: 'bin/bower' },
47 silly resolved     homepage: 'http://bower.io',
47 silly resolved     engines: { node: '>=0.10.0' },
47 silly resolved     keywords: [ 'bower' ],
47 silly resolved     files: [ 'bin', 'lib' ],
47 silly resolved     bugs: { url: 'https://github.com/bower/bower/issues' },
47 silly resolved     _id: 'bower@1.8.0',
47 silly resolved     scripts: {},
47 silly resolved     _shasum: '55dbebef0ad9155382d9e9d3e497c1372345b44a',
47 silly resolved     _from: 'bower@',
47 silly resolved     _npmVersion: '3.10.9',
47 silly resolved     _nodeVersion: '4.4.6',
47 silly resolved     _npmUser: { name: 'sheerun', email: 'sheerun@sher.pl' },
47 silly resolved     dist:
47 silly resolved      { shasum: '55dbebef0ad9155382d9e9d3e497c1372345b44a',
47 silly resolved        tarball: 'https://registry.npmjs.org/bower/-/bower-1.8.0.tgz' },
47 silly resolved     maintainers:
47 silly resolved      [ [Object],
47 silly resolved        [Object],
47 silly resolved        [Object],
47 silly resolved        [Object],
47 silly resolved        [Object],
47 silly resolved        [Object],
47 silly resolved        [Object] ],
47 silly resolved     _npmOperationalInternal:
47 silly resolved      { host: 'packages-18-east.internal.npmjs.com',
47 silly resolved        tmp: 'tmp/bower-1.8.0.tgz_1478512918020_0.7136248126626015' },
47 silly resolved     directories: {},
47 silly resolved     _resolved: 'https://registry.npmjs.org/bower/-/bower-1.8.0.tgz' } ]
48 info install bower@1.8.0 into /usr/lib
49 info installOne bower@1.8.0
50 verbose lib/node_modules/bower unbuild
51 verbose tar unpack /home/zhounan/.npm/bower/1.8.0/package.tgz
52 silly lockFile 6f53a3f9-tar-usr-lib-node-modules-bower tar:///usr/lib/node_modules/bower
53 verbose lock tar:///usr/lib/node_modules/bower /home/zhounan/.npm/6f53a3f9-tar-usr-lib-node-modules-bower.lock
54 silly lockFile 8a9ca508-unan-npm-bower-1-8-0-package-tgz tar:///home/zhounan/.npm/bower/1.8.0/package.tgz
55 verbose lock tar:///home/zhounan/.npm/bower/1.8.0/package.tgz /home/zhounan/.npm/8a9ca508-unan-npm-bower-1-8-0-package-tgz.lock
56 silly gunzTarPerm modes [ '775', '664' ]
57 error Error: EACCES, mkdir '/usr/lib/node_modules/bower'
57 error  { [Error: EACCES, mkdir '/usr/lib/node_modules/bower']
57 error   errno: 3,
57 error   code: 'EACCES',
57 error   path: '/usr/lib/node_modules/bower',
57 error   fstream_type: 'Directory',
57 error   fstream_path: '/usr/lib/node_modules/bower',
57 error   fstream_class: 'DirWriter',
57 error   fstream_stack:
57 error    [ '/usr/lib/node_modules/npm/node_modules/fstream/lib/dir-writer.js:36:23',
57 error      '/usr/lib/node_modules/npm/node_modules/mkdirp/index.js:46:53',
57 error      'Object.oncomplete (fs.js:108:15)' ] }
58 error Please try running this command again as root/Administrator.
59 error System Linux 4.4.0-64-generic
60 error command "/usr/bin/node" "/usr/bin/npm" "install" "-g" "bower"
61 error cwd /home/zhounan/repo/zhounan-me
62 error node -v v0.10.37
63 error npm -v 1.4.28
64 error path /usr/lib/node_modules/bower
65 error fstream_path /usr/lib/node_modules/bower
66 error fstream_type Directory
67 error fstream_class DirWriter
68 error code EACCES
69 error errno 3
70 error stack Error: EACCES, mkdir '/usr/lib/node_modules/bower'
71 error fstream_stack /usr/lib/node_modules/npm/node_modules/fstream/lib/dir-writer.js:36:23
71 error fstream_stack /usr/lib/node_modules/npm/node_modules/mkdirp/index.js:46:53
71 error fstream_stack Object.oncomplete (fs.js:108:15)
72 verbose exit [ 3, true ]
